<?xml version="1.0" encoding="UTF-8"?>
<coverage generated="1749194746710" clover="3.2.0">
  <project timestamp="1749194746710" name="All files">
    <metrics statements="3" coveredstatements="0" conditionals="2" coveredconditionals="0" methods="1" coveredmethods="0" elements="6" coveredelements="0" complexity="0" loc="3" ncloc="3" packages="1" files="1" classes="1"/>
    <file name="formatters.js" path="C:\Users\prayo\OneDrive\Dokumen\Percodingan\WRPL\csnoteselling-wrpl\frontend\src\utils\formatters.js">
      <metrics statements="3" coveredstatements="0" conditionals="2" coveredconditionals="0" methods="1" coveredmethods="0"/>
      <line num="1" count="0" type="stmt"/>
      <line num="2" count="0" type="cond" truecount="0" falsecount="2"/>
      <line num="3" count="0" type="stmt"/>
    </file>
  </project>
</coverage>
