{"C:\\Users\\prayo\\OneDrive\\Dokumen\\Percodingan\\WRPL\\csnoteselling-wrpl\\frontend\\src\\utils\\formatters.js": {"path":"C:\\Users\\prayo\\OneDrive\\Dokumen\\Percodingan\\WRPL\\csnoteselling-wrpl\\frontend\\src\\utils\\formatters.js","statementMap":{"0":{"start":{"line":1,"column":37},"end":{"line":4,"column":1}},"1":{"start":{"line":2,"column":2},"end":{"line":2,"column":25}},"2":{"start":{"line":2,"column":15},"end":{"line":2,"column":25}},"3":{"start":{"line":3,"column":2},"end":{"line":3,"column":58}}},"fnMap":{"0":{"name":"(anonymous_0)","decl":{"start":{"line":1,"column":37},"end":{"line":1,"column":38}},"loc":{"start":{"line":1,"column":49},"end":{"line":4,"column":1}},"line":1}},"branchMap":{"0":{"loc":{"start":{"line":2,"column":2},"end":{"line":2,"column":25}},"type":"if","locations":[{"start":{"line":2,"column":2},"end":{"line":2,"column":25}},{"start":{},"end":{}}],"line":2}},"s":{"0":1,"1":3,"2":1,"3":2},"f":{"0":3},"b":{"0":[1,2]},"_coverageSchema":"1a1c01bbd47fc00a2c39e90264f33305004495a9","hash":"ee05118f75d40fce9d07c5655a826e0bddc9a7eb"}
}
